<?xml version="1.0" encoding="UTF-8"?>
<testng-results ignored="12" total="13" passed="1" failed="0" skipped="0">
  <reporter-output>
  </reporter-output>
  <suite started-at="2021-03-14T22:23:38 GMT" name="Default suite" finished-at="2021-03-14T22:23:44 GMT" duration-ms="5188">
    <groups>
    </groups>
    <test started-at="2021-03-14T22:23:38 GMT" name="Default test" finished-at="2021-03-14T22:23:44 GMT" duration-ms="5188">
      <class name="JosephJoy.E2eAutomation.MainPage">
        <test-method is-config="true" signature="HomePageLoading()[pri:0, instance:JosephJoy.E2eAutomation.MainPage@52bf72b5]" started-at="2021-03-14T22:23:38 GMT" name="HomePageLoading" finished-at="2021-03-14T22:23:43 GMT" duration-ms="4231" status="PASS">
          <reporter-output>
          </reporter-output>
        </test-method> <!-- HomePageLoading -->
        <test-method signature="DivZeroByInt()[pri:0, instance:JosephJoy.E2eAutomation.MainPage@52bf72b5]" started-at="2021-03-14T22:23:43 GMT" name="DivZeroByInt" finished-at="2021-03-14T22:23:43 GMT" duration-ms="649" status="PASS">
          <reporter-output>
          </reporter-output>
        </test-method> <!-- DivZeroByInt -->
        <test-method is-config="true" signature="teardown()[pri:0, instance:JosephJoy.E2eAutomation.MainPage@52bf72b5]" started-at="2021-03-14T22:23:43 GMT" name="teardown" finished-at="2021-03-14T22:23:44 GMT" duration-ms="268" status="PASS">
          <reporter-output>
          </reporter-output>
        </test-method> <!-- teardown -->
      </class> <!-- JosephJoy.E2eAutomation.MainPage -->
    </test> <!-- Default test -->
  </suite> <!-- Default suite -->
</testng-results>
