<?xml version="1.0" encoding="UTF-8"?>
<!-- Generated by org.testng.reporters.JUnitXMLReporter -->
<testsuite ignored="12" hostname="Joseph" failures="0" tests="1" name="Default test" time="5.188" errors="0" timestamp="2021-03-14T22:23:44 GMT">
  <testcase classname="JosephJoy.E2eAutomation.MainPage" name="DivZeroByInt" time="0.649"/>
  <testcase classname="JosephJoy.E2eAutomation.MainPage" name="DivTwoInt" time="0.0">
    <ignored/>
  </testcase> <!-- DivTwoInt -->
  <testcase classname="JosephJoy.E2eAutomation.MainPage" name="MulNegAndPosNum" time="0.0">
    <ignored/>
  </testcase> <!-- MulNegAndPosNum -->
  <testcase classname="JosephJoy.E2eAutomation.MainPage" name="AddIntNum" time="0.0">
    <ignored/>
  </testcase> <!-- AddIntNum -->
  <testcase classname="JosephJoy.E2eAutomation.MainPage" name="MulIntNum" time="0.0">
    <ignored/>
  </testcase> <!-- MulIntNum -->
  <testcase classname="JosephJoy.E2eAutomation.MainPage" name="AddNegNum" time="0.0">
    <ignored/>
  </testcase> <!-- AddNegNum -->
  <testcase classname="JosephJoy.E2eAutomation.MainPage" name="DivByZero" time="0.0">
    <ignored/>
  </testcase> <!-- DivByZero -->
  <testcase classname="JosephJoy.E2eAutomation.MainPage" name="DivTwoNegNum" time="0.0">
    <ignored/>
  </testcase> <!-- DivTwoNegNum -->
  <testcase classname="JosephJoy.E2eAutomation.MainPage" name="DivNegNumByPosNum" time="0.0">
    <ignored/>
  </testcase> <!-- DivNegNumByPosNum -->
  <testcase classname="JosephJoy.E2eAutomation.MainPage" name="AddPosAndNegNum" time="0.0">
    <ignored/>
  </testcase> <!-- AddPosAndNegNum -->
  <testcase classname="JosephJoy.E2eAutomation.MainPage" name="SubIntNum" time="0.0">
    <ignored/>
  </testcase> <!-- SubIntNum -->
  <testcase classname="JosephJoy.E2eAutomation.MainPage" name="DivNegNum" time="0.0">
    <ignored/>
  </testcase> <!-- DivNegNum -->
  <testcase classname="JosephJoy.E2eAutomation.MainPage" name="MulNegNum" time="0.0">
    <ignored/>
  </testcase> <!-- MulNegNum -->
</testsuite> <!-- Default test -->
