<?xml version="1.0" encoding="UTF-8"?>
<!-- Generated by org.testng.reporters.JUnitXMLReporter -->
<testsuite ignored="0" hostname="Joseph" failures="2" tests="6" name="Basic Functional Cases" time="16.045" errors="0" timestamp="2021-03-14T18:54:51 GMT">
  <testcase classname="JosephJoy.E2eAutomation.MainPage" name="AddIntNum" time="1.147"/>
  <testcase classname="JosephJoy.E2eAutomation.MainPage" name="AddNegNum" time="0.78"/>
  <testcase classname="JosephJoy.E2eAutomation.MainPage" name="AddPosAndNegNum" time="1.205"/>
  <testcase classname="JosephJoy.E2eAutomation.MainPage" name="DivByZero" time="0.503"/>
  <testcase classname="JosephJoy.E2eAutomation.MainPage" name="DivNegNum" time="0.554">
    <failure type="java.lang.AssertionError" message="null">
      <![CDATA[java.lang.AssertionError: null
at JosephJoy.E2eAutomation.MainPage.DivNegNum(MainPage.java:244)
at java.base/java.util.ArrayList.forEach(ArrayList.java:1511)
... Removed 29 stack frames]]>
    </failure>
  </testcase> <!-- DivNegNum -->
  <testcase classname="JosephJoy.E2eAutomation.MainPage" name="DivNegNum" time="0.56">
    <failure type="java.lang.NullPointerException" message="Cannot invoke &amp;quot;org.openqa.selenium.TakesScreenshot.getScreenshotAs(org.openqa.selenium.OutputType)&amp;quot; because &amp;quot;ts&amp;quot; is null">
      <![CDATA[java.lang.NullPointerException: Cannot invoke "org.openqa.selenium.TakesScreenshot.getScreenshotAs(org.openqa.selenium.OutputType)" because "ts" is null
at resources.Base.getScreenshotPath(Base.java:101)
at JosephJoy.E2eAutomation.Listerners.onTestFailure(Listerners.java:36)
at java.base/java.util.ArrayList.forEach(ArrayList.java:1511)
... Removed 24 stack frames]]>
    </failure>
  </testcase> <!-- DivNegNum -->
</testsuite> <!-- Basic Functional Cases -->
